<?xml version="1.0" encoding="UTF-8"?>
<!-- Generated by org.testng.reporters.JUnitReportReporter -->
<testsuite hostname="LAPTOP-AAOHPEQP" failures="0" tests="1" name="testNGPractice.day3" time="0.002" errors="0" timestamp="2024-04-06T19:00:21 IST" skipped="0">
  <testcase classname="testNGPractice.day3" name="sampleMethod" time="0.002"/>
  <system-out/>
</testsuite> <!-- testNGPractice.day3 -->
