<?xml version="1.0" encoding="UTF-8"?>
<!-- Generated by org.testng.reporters.JUnitReportReporter -->
<testsuite hostname="LAPTOP-AAOHPEQP" failures="0" tests="1" name="rahulsaEcomPrac.BaseClass" time="8.961" errors="0" timestamp="2024-03-13T11:27:31 IST" skipped="0">
  <testcase classname="rahulsaEcomPrac.BaseClass" name="SubmitOrder" time="8.961"/>
</testsuite> <!-- rahulsaEcomPrac.BaseClass -->
