<?xml version="1.0" encoding="UTF-8"?>
<!-- Generated by org.testng.reporters.JUnitReportReporter -->
<testsuite hostname="LAPTOP-AAOHPEQP" failures="0" tests="1" name="rahulsaEcomPrac.tests.SubmitOrderTest" time="0.000" errors="0" timestamp="2024-04-04T15:12:24 IST" skipped="1">
  <testcase classname="rahulsaEcomPrac.tests.SubmitOrderTest" name="SubmitOrder" time="0.000">
    <skipped/>
  </testcase> <!-- SubmitOrder -->
  <system-out/>
</testsuite> <!-- rahulsaEcomPrac.tests.SubmitOrderTest -->
