<?xml version="1.0" encoding="UTF-8"?>
<!-- Generated by org.testng.reporters.JUnitReportReporter -->
<testsuite hostname="LAPTOP-AAOHPEQP" failures="0" tests="3" name="testNGPractice.TestNGPrac" time="0.018" errors="0" timestamp="2024-04-06T19:00:21 IST" skipped="0">
  <testcase classname="testNGPractice.TestNGPrac" name="day2" time="0.006"/>
  <system-out/>
  <testcase classname="testNGPractice.TestNGPrac" name="day1" time="0.001"/>
  <system-out/>
  <testcase classname="testNGPractice.TestNGPrac" name="Demo" time="0.011"/>
  <system-out/>
</testsuite> <!-- testNGPractice.TestNGPrac -->
